<?xml version="1.0" encoding="UTF-8"?>
<testsuite xmlns:xsi="http://www.w3.org/2001/XMLSchema-instance" xsi:noNamespaceSchemaLocation="https://maven.apache.org/surefire/maven-surefire-plugin/xsd/surefire-test-report.xsd" version="3.0.2" name="com.example.labyrinth.BoardTileRotationTests" time="0.007" tests="4" errors="0" skipped="0" failures="0">
  <properties>
[...]
</properties>
  <testcase name="twoRotations_NorthBecomesSouth" classname="com.example.labyrinth.BoardTileRotationTests" time="0.001"/>
  <testcase name="singleCounterClockwise_NorthBecomesEast" classname="com.example.labyrinth.BoardTileRotationTests" time="0.002"/>
  <testcase name="singleClockwiseRotation_NorthBecomesWest" classname="com.example.labyrinth.BoardTileRotationTests" time="0.001"/>
  <testcase name="fourRotations_ReturnsToOriginal" classname="com.example.labyrinth.BoardTileRotationTests" time="0.002"/>
</testsuite>